Analysis & Synthesis report for ProjetoMestre4Bits
Fri Mar 22 13:18:22 2024
Quartus Prime Version 23.1std.0 Build 991 11/28/2023 SC Lite Edition


---------------------
; Table of Contents ;
---------------------
  1. Legal Notice
  2. Analysis & Synthesis Summary
  3. Analysis & Synthesis Settings
  4. Parallel Compilation
  5. Analysis & Synthesis Source Files Read
  6. Analysis & Synthesis Resource Usage Summary
  7. Analysis & Synthesis Resource Utilization by Entity
  8. Registers Removed During Synthesis
  9. General Register Statistics
 10. Inverted Register Statistics
 11. Multiplexer Restructuring Statistics (Restructuring Performed)
 12. Port Connectivity Checks: "Etapa3_DecodificadorBinarioParaBCD:etapa3_DecodificadorBinarioParaBCD"
 13. Post-Synthesis Netlist Statistics for Top Partition
 14. Elapsed Time Per Partition
 15. Analysis & Synthesis Messages
 16. Analysis & Synthesis Suppressed Messages



----------------
; Legal Notice ;
----------------
Copyright (C) 2023  Intel Corporation. All rights reserved.
Your use of Intel Corporation's design tools, logic functions 
and other software and tools, and any partner logic 
functions, and any output files from any of the foregoing 
(including device programming or simulation files), and any 
associated documentation or information are expressly subject 
to the terms and conditions of the Intel Program License 
Subscription Agreement, the Intel Quartus Prime License Agreement,
the Intel FPGA IP License Agreement, or other applicable license
agreement, including, without limitation, that your use is for
the sole purpose of programming logic devices manufactured by
Intel and sold by Intel or its authorized distributors.  Please
refer to the applicable agreement for further details, at
https://fpgasoftware.intel.com/eula.



+----------------------------------------------------------------------------------+
; Analysis & Synthesis Summary                                                     ;
+---------------------------------+------------------------------------------------+
; Analysis & Synthesis Status     ; Successful - Fri Mar 22 13:18:22 2024          ;
; Quartus Prime Version           ; 23.1std.0 Build 991 11/28/2023 SC Lite Edition ;
; Revision Name                   ; ProjetoMestre4Bits                             ;
; Top-level Entity Name           ; ProjetoMestre4Bits                             ;
; Family                          ; Cyclone V                                      ;
; Logic utilization (in ALMs)     ; N/A                                            ;
; Total registers                 ; 99                                             ;
; Total pins                      ; 14                                             ;
; Total virtual pins              ; 0                                              ;
; Total block memory bits         ; 0                                              ;
; Total DSP Blocks                ; 0                                              ;
; Total HSSI RX PCSs              ; 0                                              ;
; Total HSSI PMA RX Deserializers ; 0                                              ;
; Total HSSI TX PCSs              ; 0                                              ;
; Total HSSI PMA TX Serializers   ; 0                                              ;
; Total PLLs                      ; 0                                              ;
; Total DLLs                      ; 0                                              ;
+---------------------------------+------------------------------------------------+


+---------------------------------------------------------------------------------------------------------------------------+
; Analysis & Synthesis Settings                                                                                             ;
+---------------------------------------------------------------------------------+--------------------+--------------------+
; Option                                                                          ; Setting            ; Default Value      ;
+---------------------------------------------------------------------------------+--------------------+--------------------+
; Device                                                                          ; 5CGXFC7C7F23C8     ;                    ;
; Top-level entity name                                                           ; ProjetoMestre4Bits ; ProjetoMestre4Bits ;
; Family name                                                                     ; Cyclone V          ; Cyclone V          ;
; Use smart compilation                                                           ; Off                ; Off                ;
; Enable parallel Assembler and Timing Analyzer during compilation                ; On                 ; On                 ;
; Enable compact report table                                                     ; Off                ; Off                ;
; Restructure Multiplexers                                                        ; Auto               ; Auto               ;
; MLAB Add Timing Constraints For Mixed-Port Feed-Through Mode Setting Don't Care ; Off                ; Off                ;
; Create Debugging Nodes for IP Cores                                             ; Off                ; Off                ;
; Preserve fewer node names                                                       ; On                 ; On                 ;
; Intel FPGA IP Evaluation Mode                                                   ; Enable             ; Enable             ;
; Verilog Version                                                                 ; Verilog_2001       ; Verilog_2001       ;
; VHDL Version                                                                    ; VHDL_1993          ; VHDL_1993          ;
; State Machine Processing                                                        ; Auto               ; Auto               ;
; Safe State Machine                                                              ; Off                ; Off                ;
; Extract Verilog State Machines                                                  ; On                 ; On                 ;
; Extract VHDL State Machines                                                     ; On                 ; On                 ;
; Ignore Verilog initial constructs                                               ; Off                ; Off                ;
; Iteration limit for constant Verilog loops                                      ; 5000               ; 5000               ;
; Iteration limit for non-constant Verilog loops                                  ; 250                ; 250                ;
; Add Pass-Through Logic to Inferred RAMs                                         ; On                 ; On                 ;
; Infer RAMs from Raw Logic                                                       ; On                 ; On                 ;
; Parallel Synthesis                                                              ; On                 ; On                 ;
; DSP Block Balancing                                                             ; Auto               ; Auto               ;
; NOT Gate Push-Back                                                              ; On                 ; On                 ;
; Power-Up Don't Care                                                             ; On                 ; On                 ;
; Remove Redundant Logic Cells                                                    ; Off                ; Off                ;
; Remove Duplicate Registers                                                      ; On                 ; On                 ;
; Ignore CARRY Buffers                                                            ; Off                ; Off                ;
; Ignore CASCADE Buffers                                                          ; Off                ; Off                ;
; Ignore GLOBAL Buffers                                                           ; Off                ; Off                ;
; Ignore ROW GLOBAL Buffers                                                       ; Off                ; Off                ;
; Ignore LCELL Buffers                                                            ; Off                ; Off                ;
; Ignore SOFT Buffers                                                             ; On                 ; On                 ;
; Limit AHDL Integers to 32 Bits                                                  ; Off                ; Off                ;
; Optimization Technique                                                          ; Balanced           ; Balanced           ;
; Carry Chain Length                                                              ; 70                 ; 70                 ;
; Auto Carry Chains                                                               ; On                 ; On                 ;
; Auto Open-Drain Pins                                                            ; On                 ; On                 ;
; Perform WYSIWYG Primitive Resynthesis                                           ; Off                ; Off                ;
; Auto ROM Replacement                                                            ; On                 ; On                 ;
; Auto RAM Replacement                                                            ; On                 ; On                 ;
; Auto DSP Block Replacement                                                      ; On                 ; On                 ;
; Auto Shift Register Replacement                                                 ; Auto               ; Auto               ;
; Allow Shift Register Merging across Hierarchies                                 ; Auto               ; Auto               ;
; Auto Clock Enable Replacement                                                   ; On                 ; On                 ;
; Strict RAM Replacement                                                          ; Off                ; Off                ;
; Allow Synchronous Control Signals                                               ; On                 ; On                 ;
; Force Use of Synchronous Clear Signals                                          ; Off                ; Off                ;
; Auto Resource Sharing                                                           ; Off                ; Off                ;
; Allow Any RAM Size For Recognition                                              ; Off                ; Off                ;
; Allow Any ROM Size For Recognition                                              ; Off                ; Off                ;
; Allow Any Shift Register Size For Recognition                                   ; Off                ; Off                ;
; Use LogicLock Constraints during Resource Balancing                             ; On                 ; On                 ;
; Ignore translate_off and synthesis_off directives                               ; Off                ; Off                ;
; Timing-Driven Synthesis                                                         ; On                 ; On                 ;
; Report Parameter Settings                                                       ; On                 ; On                 ;
; Report Source Assignments                                                       ; On                 ; On                 ;
; Report Connectivity Checks                                                      ; On                 ; On                 ;
; Ignore Maximum Fan-Out Assignments                                              ; Off                ; Off                ;
; Synchronization Register Chain Length                                           ; 3                  ; 3                  ;
; Power Optimization During Synthesis                                             ; Normal compilation ; Normal compilation ;
; HDL message level                                                               ; Level2             ; Level2             ;
; Suppress Register Optimization Related Messages                                 ; Off                ; Off                ;
; Number of Removed Registers Reported in Synthesis Report                        ; 5000               ; 5000               ;
; Number of Swept Nodes Reported in Synthesis Report                              ; 5000               ; 5000               ;
; Number of Inverted Registers Reported in Synthesis Report                       ; 100                ; 100                ;
; Clock MUX Protection                                                            ; On                 ; On                 ;
; Auto Gated Clock Conversion                                                     ; Off                ; Off                ;
; Block Design Naming                                                             ; Auto               ; Auto               ;
; SDC constraint protection                                                       ; Off                ; Off                ;
; Synthesis Effort                                                                ; Auto               ; Auto               ;
; Shift Register Replacement - Allow Asynchronous Clear Signal                    ; On                 ; On                 ;
; Pre-Mapping Resynthesis Optimization                                            ; Off                ; Off                ;
; Analysis & Synthesis Message Level                                              ; Medium             ; Medium             ;
; Disable Register Merging Across Hierarchies                                     ; Auto               ; Auto               ;
; Resource Aware Inference For Block RAM                                          ; On                 ; On                 ;
; Automatic Parallel Synthesis                                                    ; On                 ; On                 ;
; Partial Reconfiguration Bitstream ID                                            ; Off                ; Off                ;
+---------------------------------------------------------------------------------+--------------------+--------------------+


+------------------------------------------+
; Parallel Compilation                     ;
+----------------------------+-------------+
; Processors                 ; Number      ;
+----------------------------+-------------+
; Number detected on machine ; 12          ;
; Maximum allowed            ; 6           ;
;                            ;             ;
; Average used               ; 1.00        ;
; Maximum used               ; 6           ;
;                            ;             ;
; Usage by Processor         ; % Time Used ;
;     Processor 1            ; 100.0%      ;
;     Processors 2-6         ;   0.0%      ;
+----------------------------+-------------+


+--------------------------------------------------------------------------------------------------------------------------------------------------------------------------------------------------------------------------------------------------------------------------------------------------+
; Analysis & Synthesis Source Files Read                                                                                                                                                                                                                                                           ;
+----------------------------------------------------------------------------+-----------------+------------------------+----------------------------------------------------------------------------------------------------------------------------------------------------------------+---------+
; File Name with User-Entered Path                                           ; Used in Netlist ; File Type              ; File Name with Absolute Path                                                                                                                                   ; Library ;
+----------------------------------------------------------------------------+-----------------+------------------------+----------------------------------------------------------------------------------------------------------------------------------------------------------------+---------+
; ../Etapa2_Contador4Bits/Etapa2_Contador4Bits.v                             ; yes             ; User Verilog HDL File  ; C:/intelFPGA_lite/SistemasDigitais-ProjetosQartus/ProjetoCompleto/ProjetoCompleto4Bits/Etapa2_Contador4Bits/Etapa2_Contador4Bits.v                             ;         ;
; ../Etapa1_DivisorDeFrequencia/Etapa1_DivisorDeFrequencia.v                 ; yes             ; User Verilog HDL File  ; C:/intelFPGA_lite/SistemasDigitais-ProjetosQartus/ProjetoCompleto/ProjetoCompleto4Bits/Etapa1_DivisorDeFrequencia/Etapa1_DivisorDeFrequencia.v                 ;         ;
; ../Etapa3_DecodificadorBinarioParaBCD/Etapa3_DecodificadorBinarioParaBCD.v ; yes             ; User Verilog HDL File  ; C:/intelFPGA_lite/SistemasDigitais-ProjetosQartus/ProjetoCompleto/ProjetoCompleto4Bits/Etapa3_DecodificadorBinarioParaBCD/Etapa3_DecodificadorBinarioParaBCD.v ;         ;
; ProjetoMestre4Bits.v                                                       ; yes             ; User Verilog HDL File  ; C:/intelFPGA_lite/SistemasDigitais-ProjetosQartus/ProjetoCompleto/ProjetoCompleto4Bits/ProjetoMestre4Bits/ProjetoMestre4Bits.v                                 ;         ;
+----------------------------------------------------------------------------+-----------------+------------------------+----------------------------------------------------------------------------------------------------------------------------------------------------------------+---------+


+--------------------------------------------------------------------+
; Analysis & Synthesis Resource Usage Summary                        ;
+---------------------------------------------+----------------------+
; Resource                                    ; Usage                ;
+---------------------------------------------+----------------------+
; Estimate of Logic utilization (ALMs needed) ; 55                   ;
;                                             ;                      ;
; Combinational ALUT usage for logic          ; 92                   ;
;     -- 7 input functions                    ; 0                    ;
;     -- 6 input functions                    ; 3                    ;
;     -- 5 input functions                    ; 10                   ;
;     -- 4 input functions                    ; 5                    ;
;     -- <=3 input functions                  ; 74                   ;
;                                             ;                      ;
; Dedicated logic registers                   ; 99                   ;
;                                             ;                      ;
; I/O pins                                    ; 14                   ;
;                                             ;                      ;
; Total DSP Blocks                            ; 0                    ;
;                                             ;                      ;
; Maximum fan-out node                        ; clockPrincipal~input ;
; Maximum fan-out                             ; 95                   ;
; Total fan-out                               ; 579                  ;
; Average fan-out                             ; 2.64                 ;
+---------------------------------------------+----------------------+


+-------------------------------------------------------------------------------------------------------------------------------------------------------------------------------------------------------------------------------------------------------------------------------------------------------------------------------------+
; Analysis & Synthesis Resource Utilization by Entity                                                                                                                                                                                                                                                                                 ;
+----------------------------------------------------------------------------+---------------------+---------------------------+-------------------+------------+------+--------------+-------------------------------------------------------------------------------------------+------------------------------------+--------------+
; Compilation Hierarchy Node                                                 ; Combinational ALUTs ; Dedicated Logic Registers ; Block Memory Bits ; DSP Blocks ; Pins ; Virtual Pins ; Full Hierarchy Name                                                                       ; Entity Name                        ; Library Name ;
+----------------------------------------------------------------------------+---------------------+---------------------------+-------------------+------------+------+--------------+-------------------------------------------------------------------------------------------+------------------------------------+--------------+
; |ProjetoMestre4Bits                                                        ; 92 (0)              ; 99 (13)                   ; 0                 ; 0          ; 14   ; 0            ; |ProjetoMestre4Bits                                                                       ; ProjetoMestre4Bits                 ; work         ;
;    |Etapa1_DivisorDeFrequencia:etapa1_DivisorDeFrequencia|                 ; 41 (41)             ; 33 (33)                   ; 0                 ; 0          ; 0    ; 0            ; |ProjetoMestre4Bits|Etapa1_DivisorDeFrequencia:etapa1_DivisorDeFrequencia                 ; Etapa1_DivisorDeFrequencia         ; work         ;
;    |Etapa2_Contador4Bits:etapa2_Contador4Bits|                             ; 4 (4)               ; 4 (4)                     ; 0                 ; 0          ; 0    ; 0            ; |ProjetoMestre4Bits|Etapa2_Contador4Bits:etapa2_Contador4Bits                             ; Etapa2_Contador4Bits               ; work         ;
;    |Etapa3_DecodificadorBinarioParaBCD:etapa3_DecodificadorBinarioParaBCD| ; 47 (47)             ; 49 (49)                   ; 0                 ; 0          ; 0    ; 0            ; |ProjetoMestre4Bits|Etapa3_DecodificadorBinarioParaBCD:etapa3_DecodificadorBinarioParaBCD ; Etapa3_DecodificadorBinarioParaBCD ; work         ;
+----------------------------------------------------------------------------+---------------------+---------------------------+-------------------+------------+------+--------------+-------------------------------------------------------------------------------------------+------------------------------------+--------------+
Note: For table entries with two numbers listed, the numbers in parentheses indicate the number of resources of the given type used by the specific entity alone. The numbers listed outside of parentheses indicate the total resources of the given type used by the specific entity and all of its sub-entities in the hierarchy.


+------------------------------------------------------------------------------------------------------------------------------------+
; Registers Removed During Synthesis                                                                                                 ;
+-------------------------------------------------------------------------------------------+----------------------------------------+
; Register name                                                                             ; Reason for Removal                     ;
+-------------------------------------------------------------------------------------------+----------------------------------------+
; Etapa3_DecodificadorBinarioParaBCD:etapa3_DecodificadorBinarioParaBCD|deveCarregar[1..31] ; Stuck at GND due to stuck port data_in ;
; Total Number of Removed Registers = 31                                                    ;                                        ;
+-------------------------------------------------------------------------------------------+----------------------------------------+


+------------------------------------------------------+
; General Register Statistics                          ;
+----------------------------------------------+-------+
; Statistic                                    ; Value ;
+----------------------------------------------+-------+
; Total registers                              ; 99    ;
; Number of registers using Synchronous Clear  ; 70    ;
; Number of registers using Synchronous Load   ; 0     ;
; Number of registers using Asynchronous Clear ; 0     ;
; Number of registers using Asynchronous Load  ; 0     ;
; Number of registers using Clock Enable       ; 47    ;
; Number of registers using Preset             ; 0     ;
+----------------------------------------------+-------+


+-------------------------------------------------------------------------------------------------+
; Inverted Register Statistics                                                                    ;
+---------------------------------------------------------------------------------------+---------+
; Inverted Register                                                                     ; Fan out ;
+---------------------------------------------------------------------------------------+---------+
; Etapa3_DecodificadorBinarioParaBCD:etapa3_DecodificadorBinarioParaBCD|deveCarregar[0] ; 10      ;
; Etapa3_DecodificadorBinarioParaBCD:etapa3_DecodificadorBinarioParaBCD|contBinario[0]  ; 2       ;
; Etapa3_DecodificadorBinarioParaBCD:etapa3_DecodificadorBinarioParaBCD|contBinario[1]  ; 2       ;
; Total number of inverted registers = 3                                                ;         ;
+---------------------------------------------------------------------------------------+---------+


+-------------------------------------------------------------------------------------------------------------------------------------------------------------------------------------------------------------------------+
; Multiplexer Restructuring Statistics (Restructuring Performed)                                                                                                                                                          ;
+--------------------+-----------+---------------+----------------------+------------------------+------------+-----------------------------------------------------------------------------------------------------------+
; Multiplexer Inputs ; Bus Width ; Baseline Area ; Area if Restructured ; Saving if Restructured ; Registered ; Example Multiplexer Output                                                                                ;
+--------------------+-----------+---------------+----------------------+------------------------+------------+-----------------------------------------------------------------------------------------------------------+
; 3:1                ; 30 bits   ; 60 LEs        ; 0 LEs                ; 60 LEs                 ; Yes        ; |ProjetoMestre4Bits|Etapa3_DecodificadorBinarioParaBCD:etapa3_DecodificadorBinarioParaBCD|contBinario[31] ;
; 4:1                ; 3 bits    ; 6 LEs         ; 6 LEs                ; 0 LEs                  ; Yes        ; |ProjetoMestre4Bits|Etapa3_DecodificadorBinarioParaBCD:etapa3_DecodificadorBinarioParaBCD|bitsUnidade[1]  ;
; 4:1                ; 4 bits    ; 8 LEs         ; 8 LEs                ; 0 LEs                  ; Yes        ; |ProjetoMestre4Bits|Etapa3_DecodificadorBinarioParaBCD:etapa3_DecodificadorBinarioParaBCD|bitsDezena[0]   ;
; 3:1                ; 2 bits    ; 4 LEs         ; 2 LEs                ; 2 LEs                  ; Yes        ; |ProjetoMestre4Bits|Etapa3_DecodificadorBinarioParaBCD:etapa3_DecodificadorBinarioParaBCD|contBinario[1]  ;
+--------------------+-----------+---------------+----------------------+------------------------+------------+-----------------------------------------------------------------------------------------------------------+


+--------------------------------------------------------------------------------------------------------------------------------------------+
; Port Connectivity Checks: "Etapa3_DecodificadorBinarioParaBCD:etapa3_DecodificadorBinarioParaBCD"                                          ;
+-------------+--------+----------+----------------------------------------------------------------------------------------------------------+
; Port        ; Type   ; Severity ; Details                                                                                                  ;
+-------------+--------+----------+----------------------------------------------------------------------------------------------------------+
; bitsDezena  ; Output ; Warning  ; Declared by entity but not connected by instance. Logic that only feeds a dangling port will be removed. ;
; bitsUnidade ; Output ; Warning  ; Declared by entity but not connected by instance. Logic that only feeds a dangling port will be removed. ;
+-------------+--------+----------+----------------------------------------------------------------------------------------------------------+


+-----------------------------------------------------+
; Post-Synthesis Netlist Statistics for Top Partition ;
+-----------------------+-----------------------------+
; Type                  ; Count                       ;
+-----------------------+-----------------------------+
; arriav_ff             ; 99                          ;
;     ENA               ; 10                          ;
;     ENA SCLR          ; 37                          ;
;     SCLR              ; 33                          ;
;     plain             ; 19                          ;
; arriav_lcell_comb     ; 92                          ;
;     arith             ; 64                          ;
;         1 data inputs ; 64                          ;
;     normal            ; 28                          ;
;         1 data inputs ; 1                           ;
;         2 data inputs ; 5                           ;
;         3 data inputs ; 4                           ;
;         4 data inputs ; 5                           ;
;         5 data inputs ; 10                          ;
;         6 data inputs ; 3                           ;
; boundary_port         ; 14                          ;
;                       ;                             ;
; Max LUT depth         ; 4.10                        ;
; Average LUT depth     ; 2.64                        ;
+-----------------------+-----------------------------+


+-------------------------------+
; Elapsed Time Per Partition    ;
+----------------+--------------+
; Partition Name ; Elapsed Time ;
+----------------+--------------+
; Top            ; 00:00:00     ;
+----------------+--------------+


+-------------------------------+
; Analysis & Synthesis Messages ;
+-------------------------------+
Info: *******************************************************************
Info: Running Quartus Prime Analysis & Synthesis
    Info: Version 23.1std.0 Build 991 11/28/2023 SC Lite Edition
    Info: Processing started: Fri Mar 22 13:18:16 2024
Info: Command: quartus_map --read_settings_files=on --write_settings_files=off ProjetoMestre4Bits -c ProjetoMestre4Bits
Warning (18236): Number of processors has not been specified which may cause overloading on shared machines.  Set the global assignment NUM_PARALLEL_PROCESSORS in your QSF to an appropriate value for best performance.
Info (20030): Parallel compilation is enabled and will use 6 of the 6 processors detected
Info (12021): Found 1 design units, including 1 entities, in source file /intelfpga_lite/sistemasdigitais-projetosqartus/projetocompleto/projetocompleto4bits/etapa2_contador4bits/etapa2_contador4bits.v
    Info (12023): Found entity 1: Etapa2_Contador4Bits File: C:/intelFPGA_lite/SistemasDigitais-ProjetosQartus/ProjetoCompleto/ProjetoCompleto4Bits/Etapa2_Contador4Bits/Etapa2_Contador4Bits.v Line: 1
Info (12021): Found 1 design units, including 1 entities, in source file /intelfpga_lite/sistemasdigitais-projetosqartus/projetocompleto/projetocompleto4bits/etapa1_divisordefrequencia/etapa1_divisordefrequencia.v
    Info (12023): Found entity 1: Etapa1_DivisorDeFrequencia File: C:/intelFPGA_lite/SistemasDigitais-ProjetosQartus/ProjetoCompleto/ProjetoCompleto4Bits/Etapa1_DivisorDeFrequencia/Etapa1_DivisorDeFrequencia.v Line: 1
Info (12021): Found 1 design units, including 1 entities, in source file /intelfpga_lite/sistemasdigitais-projetosqartus/projetocompleto/projetocompleto4bits/etapa3_decodificadorbinarioparabcd/etapa3_decodificadorbinarioparabcd.v
    Info (12023): Found entity 1: Etapa3_DecodificadorBinarioParaBCD File: C:/intelFPGA_lite/SistemasDigitais-ProjetosQartus/ProjetoCompleto/ProjetoCompleto4Bits/Etapa3_DecodificadorBinarioParaBCD/Etapa3_DecodificadorBinarioParaBCD.v Line: 1
Warning (10275): Verilog HDL Module Instantiation warning at ProjetoMestre4Bits.v(17): ignored dangling comma in List of Port Connections File: C:/intelFPGA_lite/SistemasDigitais-ProjetosQartus/ProjetoCompleto/ProjetoCompleto4Bits/ProjetoMestre4Bits/ProjetoMestre4Bits.v Line: 17
Info (12021): Found 1 design units, including 1 entities, in source file projetomestre4bits.v
    Info (12023): Found entity 1: ProjetoMestre4Bits File: C:/intelFPGA_lite/SistemasDigitais-ProjetosQartus/ProjetoCompleto/ProjetoCompleto4Bits/ProjetoMestre4Bits/ProjetoMestre4Bits.v Line: 1
Info (12127): Elaborating entity "ProjetoMestre4Bits" for the top level hierarchy
Info (12128): Elaborating entity "Etapa1_DivisorDeFrequencia" for hierarchy "Etapa1_DivisorDeFrequencia:etapa1_DivisorDeFrequencia" File: C:/intelFPGA_lite/SistemasDigitais-ProjetosQartus/ProjetoCompleto/ProjetoCompleto4Bits/ProjetoMestre4Bits/ProjetoMestre4Bits.v Line: 17
Info (12128): Elaborating entity "Etapa2_Contador4Bits" for hierarchy "Etapa2_Contador4Bits:etapa2_Contador4Bits" File: C:/intelFPGA_lite/SistemasDigitais-ProjetosQartus/ProjetoCompleto/ProjetoCompleto4Bits/ProjetoMestre4Bits/ProjetoMestre4Bits.v Line: 22
Info (12128): Elaborating entity "Etapa3_DecodificadorBinarioParaBCD" for hierarchy "Etapa3_DecodificadorBinarioParaBCD:etapa3_DecodificadorBinarioParaBCD" File: C:/intelFPGA_lite/SistemasDigitais-ProjetosQartus/ProjetoCompleto/ProjetoCompleto4Bits/ProjetoMestre4Bits/ProjetoMestre4Bits.v Line: 29
Warning (10230): Verilog HDL assignment warning at Etapa3_DecodificadorBinarioParaBCD.v(27): truncated value with size 32 to match size of target (4) File: C:/intelFPGA_lite/SistemasDigitais-ProjetosQartus/ProjetoCompleto/ProjetoCompleto4Bits/Etapa3_DecodificadorBinarioParaBCD/Etapa3_DecodificadorBinarioParaBCD.v Line: 27
Warning (10230): Verilog HDL assignment warning at Etapa3_DecodificadorBinarioParaBCD.v(29): truncated value with size 32 to match size of target (4) File: C:/intelFPGA_lite/SistemasDigitais-ProjetosQartus/ProjetoCompleto/ProjetoCompleto4Bits/Etapa3_DecodificadorBinarioParaBCD/Etapa3_DecodificadorBinarioParaBCD.v Line: 29
Warning (12241): 1 hierarchies have connectivity warnings - see the Connectivity Checks report folder
Info (286030): Timing-Driven Synthesis is running
Info (144001): Generated suppressed messages file C:/intelFPGA_lite/SistemasDigitais-ProjetosQartus/ProjetoCompleto/ProjetoCompleto4Bits/ProjetoMestre4Bits/output_files/ProjetoMestre4Bits.map.smsg
Info (16010): Generating hard_block partition "hard_block:auto_generated_inst"
    Info (16011): Adding 0 node(s), including 0 DDIO, 0 PLL, 0 transceiver and 0 LCELL
Info (21057): Implemented 127 device resources after synthesis - the final resource count might be different
    Info (21058): Implemented 1 input pins
    Info (21059): Implemented 13 output pins
    Info (21061): Implemented 113 logic cells
Info: Quartus Prime Analysis & Synthesis was successful. 0 errors, 5 warnings
    Info: Peak virtual memory: 4839 megabytes
    Info: Processing ended: Fri Mar 22 13:18:22 2024
    Info: Elapsed time: 00:00:06
    Info: Total CPU time (on all processors): 00:00:06


+------------------------------------------+
; Analysis & Synthesis Suppressed Messages ;
+------------------------------------------+
The suppressed messages can be found in C:/intelFPGA_lite/SistemasDigitais-ProjetosQartus/ProjetoCompleto/ProjetoCompleto4Bits/ProjetoMestre4Bits/output_files/ProjetoMestre4Bits.map.smsg.


